[      58ms] [LOG] [Fast Refresh] rebuilding @ webpack-internal:///(app-pages-browser)/./node_modules/next/dist/client/components/react-dev-overlay/app/hot-reloader-client.js:186
[     531ms] [LOG] [Fast Refresh] done in 473ms @ webpack-internal:///(app-pages-browser)/./node_modules/next/dist/client/components/react-dev-overlay/app/hot-reloader-client.js:43
[     712ms] [ERROR] Failed to fetch RSC payload for http://localhost:3030/. Falling back to browser navigation. TypeError: Failed to fetch
    at fetchServerResponse (webpack-internal:///(app-pages-browser)/./node_modules/next/dist/client/components/router-reducer/fetch-server-response.js:59:27)
    at fastRefreshReducerImpl (webpack-internal:///(app-pages-browser)/./node_modules/next/dist/client/components/router-reducer/reducers/fast-refresh-reducer.js:33:67)
    at clientReducer (webpack-internal:///(app-pages-browser)/./node_modules/next/dist/client/components/router-reducer/router-reducer.js:41:67)
    at Object.action (webpack-internal:///(app-pages-browser)/./node_modules/next/dist/shared/lib/router/action-queue.js:150:55)
    at runAction (webpack-internal:///(app-pages-browser)/./node_modules/next/dist/shared/lib/router/action-queue.js:56:38)
    at dispatchAction (webpack-internal:///(app-pages-browser)/./node_modules/next/dist/shared/lib/router/action-queue.js:113:9)
    at Object.dispatch (webpack-internal:///(app-pages-browser)/./node_modules/next/dist/shared/lib/router/action-queue.js:145:40)
    at eval (webpack-internal:///(app-pages-browser)/./node_modules/next/dist/client/components/use-reducer-with-devtools.js:130:21)
    at eval (webpack-internal:///(app-pages-browser)/./node_modules/next/dist/client/components/app-router.js:304:25)
    at startTransition (webpack-internal:///(app-pages-browser)/./node_modules/next/dist/compiled/react/cjs/react.development.js:2597:25)
    at Object.fastRefresh (webpack-internal:///(app-pages-browser)/./node_modules/next/dist/client/components/app-router.js:303:48)
    at processMessage (webpack-internal:///(app-pages-browser)/./node_modules/next/dist/client/components/react-dev-overlay/app/hot-reloader-client.js:297:31)
    at WebSocket.handler (webpack-internal:///(app-pages-browser)/./node_modules/next/dist/client/components/react-dev-overlay/app/hot-reloader-client.js:395:17) @ webpack-internal:///(app-pages-browser)/./node_modules/next/dist/client/app-index.js:32
[     713ms] [ERROR] Failed to load resource: the server responded with a status of 500 (Internal Server Error) @ http://localhost:3030/:0
[     891ms] [INFO] %cDownload the React DevTools for a better development experience: https://reactjs.org/link/react-devtools font-weight:bold @ webpack-internal:///./node_modules/react-dom/cjs/react-dom.development.js:29889
[     917ms] TypeError: e[o] is not a function
    at Object.t [as require] (file:///home/manu/Desktop/code/lighthouse/surfaces/web/.next/server/webpack-runtime.js:1:127)
    at require (file:///home/manu/Desktop/code/lighthouse/surfaces/web/node_modules/next/dist/compiled/next-server/app-page.runtime.prod.js:17:18811)
    at A (file:///home/manu/Desktop/code/lighthouse/surfaces/web/node_modules/next/dist/compiled/next-server/app-page.runtime.prod.js:12:94398)
    at <unknown> (file:///home/manu/Desktop/code/lighthouse/surfaces/web/node_modules/next/dist/compiled/next-server/app-page.runtime.prod.js:12:96726)
    at B._fromJSON (file:///home/manu/Desktop/code/lighthouse/surfaces/web/node_modules/next/dist/compiled/next-server/app-page.runtime.prod.js:12:97164)
    at JSON.parse (<anonymous>)
    at I (file:///home/manu/Desktop/code/lighthouse/surfaces/web/node_modules/next/dist/compiled/next-server/app-page.runtime.prod.js:12:94119)
    at t (file:///home/manu/Desktop/code/lighthouse/surfaces/web/node_modules/next/dist/compiled/next-server/app-page.runtime.prod.js:12:100640)
[     914ms] [LOG] [HMR] connected @ webpack-internal:///./node_modules/next/dist/client/components/react-dev-overlay/pages/websocket.js:38
[    4024ms] [WARNING] The resource http://localhost:3030/_next/static/media/463dafcda517f24f-s.p.woff was preloaded using link preload but not used within a few seconds from the window's load event. Please make sure it has an appropriate `as` value and it is preloaded intentionally. @ http://localhost:3030/:0
[    4024ms] [WARNING] The resource http://localhost:3030/_next/static/media/4473ecc91f70f139-s.p.woff was preloaded using link preload but not used within a few seconds from the window's load event. Please make sure it has an appropriate `as` value and it is preloaded intentionally. @ http://localhost:3030/:0
